TN:
SF:src/use-cases/SubmitFeedbackUseCase.ts
FN:13,execute
FN:11,SubmitFeedbackUseCase
FNF:2
FNH:2
FNDA:6,execute
FNDA:1,SubmitFeedbackUseCase
DA:1,1
DA:2,1
DA:3,1
DA:4,1
DA:5,1
DA:6,1
DA:7,1
DA:8,1
DA:9,1
DA:10,1
DA:11,1
DA:12,1
DA:13,1
DA:14,6
DA:15,6
DA:16,6
DA:17,6
DA:18,6
DA:19,1
DA:20,1
DA:21,6
DA:22,1
DA:23,1
DA:24,6
DA:25,1
DA:26,1
DA:27,6
DA:28,1
DA:29,1
DA:30,6
DA:31,1
DA:32,1
DA:33,1
DA:34,1
DA:35,1
DA:36,1
DA:37,1
DA:38,1
DA:39,1
DA:40,1
DA:41,1
DA:42,1
LF:42
LH:42
BRDA:13,0,0,6
BRDA:18,1,0,1
BRDA:21,2,0,5
BRDA:21,3,0,1
BRDA:24,4,0,4
BRDA:24,5,0,1
BRDA:27,6,0,3
BRDA:27,7,0,1
BRDA:30,8,0,2
BRDA:30,9,0,1
BRDA:11,10,0,1
BRF:11
BRH:11
end_of_record
